Arguments: 
  D:\Node.js\node.exe D:\npm\modules\node_modules\yarn\bin\yarn.js

PATH: 
  C:\Program Files\NVIDIA GPU Computing Toolkit\CUDA\v11.8\bin;C:\Program Files\NVIDIA GPU Computing Toolkit\CUDA\v11.8\libnvvp;D:\VMware\bin\;C:\Program Files\jdk-17.0.7.7-hotspot\bin;C:\Windows\system32;C:\Windows;C:\Windows\System32\Wbem;C:\Windows\System32\WindowsPowerShell\v1.0\;C:\Windows\System32\OpenSSH\;C:\Program Files (x86)\NVIDIA Corporation\PhysX\Common;C:\Program Files\NVIDIA Corporation\NVIDIA NvDLISR;C:\Program Files\dotnet\;D:\CMake\bin;D:\Go\go1.20.5\bin;D:\Go\bin;D:\Git\cmd;D:\tools;E:\Anaconda3;E:\Anaconda3\Library\bin;E:\Anaconda3\Scripts;E:\Anaconda3\Library\mingw-w64\bin;D:\mingw64\bin;C:\Program Files\NVIDIA Corporation\Nsight Compute 2022.3.0\;D:\Node.js\;D:\npm\modules;C:\Users\孔俊峰\.cargo\bin;C:\Users\孔俊峰\AppData\Local\Microsoft\WindowsApps;D:\VS Code\bin;;D:\Fiddler;C:\Users\孔俊峰\AppData\Roaming\npm

Yarn version: 
  1.22.19

Node version: 
  18.17.0

Platform: 
  win32 x64

Trace: 
  Error: ENOENT: no such file or directory, copyfile 'C:\Users\孔俊峰\AppData\Local\Yarn\Cache\v6\npm-ms-2.0.0-5608aeadfc00be6c2901df5f9861788de0d597c8-integrity\node_modules\ms\index.js' -> 'E:\Project\article_polisher\node_modules\electron-squirrel-startup\node_modules\ms\index.js'

npm manifest: 
  {
    "name": "article_polisher",
    "version": "1.0.0",
    "description": "对写的文章进行实时AI润色",
    "main": "index.js",
    "scripts": {
      "start": "electron-forge start",
      "package": "electron-forge package",
      "make": "electron-forge make"
    },
    "author": "FFeng123",
    "license": "ISC",
    "devDependencies": {
      "@electron-forge/cli": "^6.2.1",
      "electron": "^25.3.1"
    },
    "dependencies": {
      "electron-squirrel-startup": "^1.0.0"
    }
  }

yarn manifest: 
  No manifest

Lockfile: 
  No lockfile
